GROUP,PACKAGE,CLASS,INSTRUCTION_MISSED,INSTRUCTION_COVERED,BRANCH_MISSED,BRANCH_COVERED,LINE_MISSED,LINE_COVERED,COMPLEXITY_MISSED,COMPLEXITY_COVERED,METHOD_MISSED,METHOD_COVERED
Activity TDD,edu.rit.swen352.tdd,MyStack,3,0,0,0,1,0,1,0,1,0
Activity TDD,edu.rit.swen352.tdd,MySet,3,0,0,0,1,0,1,0,1,0
Activity TDD,edu.rit.swen352.tdd,MyOptional,3,0,0,0,1,0,1,0,1,0
Activity TDD,edu.rit.swen352.tdd,MyList,3,0,0,0,1,0,1,0,1,0
Activity TDD,edu.rit.swen352.tdd,MyBlackjackDealer,7,23,0,0,3,9,2,4,2,4
Activity TDD,edu.rit.swen352.tdd.samples,Numbers,0,60,0,10,0,16,0,8,0,2
