<?xml version="1.0" encoding="UTF-8"?>
<testsuite xmlns:xsi="http://www.w3.org/2001/XMLSchema-instance" xsi:noNamespaceSchemaLocation="https://maven.apache.org/surefire/maven-surefire-plugin/xsd/surefire-test-report-3.0.xsd" version="3.0" name="edu.rit.swen352.tdd.samples.NumbersTest" time="0.284" tests="39" errors="0" skipped="0" failures="0">
  <properties>
[...]
</properties>
  <testcase name="negativeNumbers" classname="edu.rit.swen352.tdd.samples.NumbersTest" time="0.031"/>
  <testcase name="largeNumbers_L10N(int, String, Locale)[1]" classname="edu.rit.swen352.tdd.samples.NumbersTest" time="0.036"/>
  <testcase name="largeNumbers_L10N(int, String, Locale)[2]" classname="edu.rit.swen352.tdd.samples.NumbersTest" time="0.002"/>
  <testcase name="largeNumbers_L10N(int, String, Locale)[3]" classname="edu.rit.swen352.tdd.samples.NumbersTest" time="0.008"/>
  <testcase name="largeNumbers_L10N(int, String, Locale)[4]" classname="edu.rit.swen352.tdd.samples.NumbersTest" time="0.002"/>
  <testcase name="largeNumbers(int, String)[1]" classname="edu.rit.swen352.tdd.samples.NumbersTest" time="0.003"/>
  <testcase name="largeNumbers(int, String)[2]" classname="edu.rit.swen352.tdd.samples.NumbersTest" time="0.005"/>
  <testcase name="largeNumbers(int, String)[3]" classname="edu.rit.swen352.tdd.samples.NumbersTest" time="0.001"/>
  <testcase name="largeNumbers(int, String)[4]" classname="edu.rit.swen352.tdd.samples.NumbersTest" time="0.001"/>
  <testcase name="largeNumbers(int, String)[5]" classname="edu.rit.swen352.tdd.samples.NumbersTest" time="0.001"/>
  <testcase name="largeNumbers(int, String)[6]" classname="edu.rit.swen352.tdd.samples.NumbersTest" time="0.002"/>
  <testcase name="largeNumbers(int, String)[7]" classname="edu.rit.swen352.tdd.samples.NumbersTest" time="0.001"/>
  <testcase name="otherTwoDigits(int, String)[1]" classname="edu.rit.swen352.tdd.samples.NumbersTest" time="0.002"/>
  <testcase name="otherTwoDigits(int, String)[2]" classname="edu.rit.swen352.tdd.samples.NumbersTest" time="0.002"/>
  <testcase name="otherTwoDigits(int, String)[3]" classname="edu.rit.swen352.tdd.samples.NumbersTest" time="0.002"/>
  <testcase name="otherTwoDigits(int, String)[4]" classname="edu.rit.swen352.tdd.samples.NumbersTest" time="0.002"/>
  <testcase name="otherTwoDigits(int, String)[5]" classname="edu.rit.swen352.tdd.samples.NumbersTest" time="0.0"/>
  <testcase name="otherTwoDigits(int, String)[6]" classname="edu.rit.swen352.tdd.samples.NumbersTest" time="0.0"/>
  <testcase name="otherTwoDigits(int, String)[7]" classname="edu.rit.swen352.tdd.samples.NumbersTest" time="0.001"/>
  <testcase name="otherTwoDigits(int, String)[8]" classname="edu.rit.swen352.tdd.samples.NumbersTest" time="0.001"/>
  <testcase name="teens(int, String)[1]" classname="edu.rit.swen352.tdd.samples.NumbersTest" time="0.002"/>
  <testcase name="teens(int, String)[2]" classname="edu.rit.swen352.tdd.samples.NumbersTest" time="0.001"/>
  <testcase name="teens(int, String)[3]" classname="edu.rit.swen352.tdd.samples.NumbersTest" time="0.001"/>
  <testcase name="teens(int, String)[4]" classname="edu.rit.swen352.tdd.samples.NumbersTest" time="0.001"/>
  <testcase name="teens(int, String)[5]" classname="edu.rit.swen352.tdd.samples.NumbersTest" time="0.001"/>
  <testcase name="teens(int, String)[6]" classname="edu.rit.swen352.tdd.samples.NumbersTest" time="0.0"/>
  <testcase name="teens(int, String)[7]" classname="edu.rit.swen352.tdd.samples.NumbersTest" time="0.001"/>
  <testcase name="teens(int, String)[8]" classname="edu.rit.swen352.tdd.samples.NumbersTest" time="0.001"/>
  <testcase name="teens(int, String)[9]" classname="edu.rit.swen352.tdd.samples.NumbersTest" time="0.002"/>
  <testcase name="teens(int, String)[10]" classname="edu.rit.swen352.tdd.samples.NumbersTest" time="0.001"/>
  <testcase name="singleDigits(int, String)[1]" classname="edu.rit.swen352.tdd.samples.NumbersTest" time="0.002"/>
  <testcase name="singleDigits(int, String)[2]" classname="edu.rit.swen352.tdd.samples.NumbersTest" time="0.001"/>
  <testcase name="singleDigits(int, String)[3]" classname="edu.rit.swen352.tdd.samples.NumbersTest" time="0.0"/>
  <testcase name="singleDigits(int, String)[4]" classname="edu.rit.swen352.tdd.samples.NumbersTest" time="0.0"/>
  <testcase name="singleDigits(int, String)[5]" classname="edu.rit.swen352.tdd.samples.NumbersTest" time="0.001"/>
  <testcase name="singleDigits(int, String)[6]" classname="edu.rit.swen352.tdd.samples.NumbersTest" time="0.001"/>
  <testcase name="singleDigits(int, String)[7]" classname="edu.rit.swen352.tdd.samples.NumbersTest" time="0.001"/>
  <testcase name="singleDigits(int, String)[8]" classname="edu.rit.swen352.tdd.samples.NumbersTest" time="0.001"/>
  <testcase name="singleDigits(int, String)[9]" classname="edu.rit.swen352.tdd.samples.NumbersTest" time="0.001"/>
</testsuite>